Run Log Initialized: 2025-04-16 00:56:26.947653
[2025-04-16 00:56:26.947] Framework: Consolidated run log initialized.
[2025-04-16 00:56:26.948] Framework: Initialization complete.
[2025-04-16 00:56:26.948]     
=== Framework: Starting Game Run ===
[2025-04-16 00:56:26.948]     
--- Framework: Starting Phase S1901M --- (1) ---
[2025-04-16 00:56:26.948]    -- Framework: Starting NEGOTIATION_ROUND_1 --
[2025-04-16 00:56:26.948]       - Framework: Activating AUSTRIA (LLMAgent)
[2025-04-16 00:57:07.103]       - Framework: Processing 8 actions for AUSTRIA...
[2025-04-16 00:57:07.104]         >> Thought (AUSTRIA): Reasoning: As Austria, my main goal is to secure my core territories (Vie, Bud, Tri) and try to ally with either Italy or Russia against Turkey. I need to make a non-aggression pact with Italy and propose a joint action against Turkey with Russia. I should also consider a temporary non-aggression pact with Turkey until a more stable alliance is formed. Plan: Propose a non-aggression pact with Italy where Italy focuses on France while I focus on the Balkans and possibly Turkey. Propose a joint action against Turkey with Russia where we aim to limit Turkey's expansion and agree on a division of the Balkans. Send a message to Turkey proposing a temporary non-aggression pact until a more stable alliance is formed. Update memory with any important agreements made.
[2025-04-16 00:57:07.104]         -> Message Staged: AUSTRIA -> ITALY: Hello Italy, I propose a non-aggression pact where...
[2025-04-16 00:57:07.104]         -> Message Staged: AUSTRIA -> RUSSIA: Hello Russia, I propose a joint action against Tur...
[2025-04-16 00:57:07.104]         -> Message Staged: AUSTRIA -> TURKEY: Hello Turkey, I propose a temporary non-aggression...
[2025-04-16 00:57:07.104]         -> Memory Updated (AUSTRIA): S1901M_prop_Italy = Proposed non-aggression pact where Italy focuses o...
[2025-04-16 00:57:07.104]         -> Memory Updated (AUSTRIA): S1901M_prop_Russia = Proposed joint action against Turkey and division ...
[2025-04-16 00:57:07.104]         -> Memory Updated (AUSTRIA): S1901M_prop_Turkey = Proposed temporary non-aggression pact until a mor...
[2025-04-16 00:57:07.104]         -> Finish tool (finish_negotiation_round) called by AUSTRIA.
[2025-04-16 00:57:07.104]       - Framework: Activating ENGLAND (LLMAgent)
[2025-04-16 00:57:33.590]       - Framework: Processing 6 actions for ENGLAND...
[2025-04-16 00:57:33.591]         >> Thought (ENGLAND): Reasoning: As England, my main goal is to secure the seas around me and aim for Scandinavia while keeping an eye on France and Germany. I need to make proposals to avoid early conflicts and make strategic alliances. I should propose a DMZ in the English Channel to France to avoid early conflict there. To Germany, I should propose a DMZ in the North Sea and suggest a division of Scandinavia where I take Norway and Germany takes Denmark. To Russia, I should propose a division of Scandinavia where I take Norway and Russia takes Sweden. This should help me secure a safe expansion into Scandinavia while avoiding early conflicts with France and Germany.
[2025-04-16 00:57:33.591]         -> Message Staged: ENGLAND -> FRANCE: To avoid early conflict, how about a DMZ in the En...
[2025-04-16 00:57:33.591]         -> Message Staged: ENGLAND -> GERMANY: To avoid early conflict, how about a DMZ in the No...
[2025-04-16 00:57:33.592]         -> Message Staged: ENGLAND -> RUSSIA: To avoid early conflict in Scandinavia, how about ...
[2025-04-16 00:57:33.592]         -> Memory Updated (ENGLAND): S1901M_proposals = Proposed DMZ in English Channel to France, DMZ in ...
[2025-04-16 00:57:33.592]         -> Finish tool (finish_negotiation_round) called by ENGLAND.
[2025-04-16 00:57:33.592]       - Framework: Activating FRANCE (LLMAgent)
[2025-04-16 00:58:00.750]       - Framework: Processing 5 actions for FRANCE...
[2025-04-16 00:58:00.751]         >> Thought (FRANCE): Reasoning: As France, my main goal is to expand into Iberia (Spain and Portugal) while balancing relations with England and Germany. To avoid early conflict with England, I should propose a DMZ in the English Channel. To avoid early conflict with Germany, I should propose a DMZ in Burgundy. For expansion, I plan to move F BRE to MAO and A MAR to SPA. I need to make sure that England does not see my fleet move to the English Channel as a threat and that Germany does not see a move to Burgundy as a threat. Thus, I need to send messages to both England and Germany proposing DMZs in ENG and BUR respectively. I should also update my memory to keep track of the proposals made.
[2025-04-16 00:58:00.751]         -> Message Staged: FRANCE -> ENGLAND: Hello, England. To ensure a peaceful start, I prop...
[2025-04-16 00:58:00.752]         -> Message Staged: FRANCE -> GERMANY: Hello, Germany. To avoid any early conflict, I pro...
[2025-04-16 00:58:00.752]         -> Memory Updated (FRANCE): S1901M_proposals = Proposed DMZ in ENG to England and DMZ in BUR to G...
[2025-04-16 00:58:00.752]         -> Finish tool (finish_negotiation_round) called by FRANCE.
[2025-04-16 00:58:00.752]       - Framework: Activating GERMANY (LLMAgent)
[2025-04-16 00:58:22.020]       - Framework: Processing 6 actions for GERMANY...
[2025-04-16 00:58:22.020]         >> Thought (GERMANY): Reasoning: As Germany, my main goals are to secure Scandinavia (Denmark and Sweden) and Benelux (Belgium and Holland). I need to make sure that I do not make enemies too early. I need to communicate with England, France, and Russia. For England, I should propose a DMZ in the North Sea (NTH) or a mutual agreement where we both avoid aggressive moves against each other initially. For France, I should propose a DMZ in Burgundy (BUR) to avoid early conflict. For Russia, I should propose a DMZ in Silesia (SIL) or make a friendly opening where we express a desire to avoid early conflict. Final Plan: Propose a DMZ in NTH to England, a DMZ in BUR to France, and a DMZ in SIL to Russia.
[2025-04-16 00:58:22.021]         -> Message Staged: GERMANY -> ENGLAND: Hello, England. To ensure a peaceful start, how ab...
[2025-04-16 00:58:22.021]         -> Message Staged: GERMANY -> FRANCE: Hello, France. To avoid any early conflict, how ab...
[2025-04-16 00:58:22.021]         -> Message Staged: GERMANY -> RUSSIA: Hello, Russia. To make sure we do not get into an ...
[2025-04-16 00:58:22.021]         -> Memory Updated (GERMANY): S1901M_proposals = Proposed DMZ in NTH to England, DMZ in BUR to Fran...
[2025-04-16 00:58:22.021]         -> Finish tool (finish_negotiation_round) called by GERMANY.
[2025-04-16 00:58:22.021]       - Framework: Activating ITALY (LLMAgent)
[2025-04-16 00:58:51.562]       - Framework: Processing 6 actions for ITALY...
[2025-04-16 00:58:51.563]         >> Thought (ITALY): Reasoning: As Italy, my main goal is to secure Tunis and potentially make a move against Austria or Turkey. A common opening is the Lepanto opening against Turkey with Austrian help. For now, I need to make friendly openings with Austria, Turkey, and France. For Austria, propose a non-aggression pact where Italy does not move into Tyrolia and Austria does not move into the Adriatic Sea. For Turkey, make a friendly opening and propose a non-aggression pact where Italy does not move into the Ionian Sea and Turkey does not move into the Aegean Sea. For France, make a friendly opening and propose a non-aggression pact where Italy does not move into Piedmont and France does not move into Piedmont. Plan: Propose non-aggression pacts with Austria, Turkey, and France.
[2025-04-16 00:58:51.564]         -> Message Staged: ITALY -> AUSTRIA: Hello Austria, I propose a non-aggression pact whe...
[2025-04-16 00:58:51.564]         -> Message Staged: ITALY -> TURKEY: Hello Turkey, I propose a non-aggression pact wher...
[2025-04-16 00:58:51.564]         -> Message Staged: ITALY -> FRANCE: Hello France, I propose a non-aggression pact wher...
[2025-04-16 00:58:51.565]         -> Memory Updated (ITALY): S1901M_prop = Proposed non-aggression pacts: Austria (Italy not ...
[2025-04-16 00:58:51.565]         -> Finish tool (finish_negotiation_round) called by ITALY.
[2025-04-16 00:58:51.565]       - Framework: Activating RUSSIA (LLMAgent)
[2025-04-16 00:59:25.160]       - Framework: Processing 6 actions for RUSSIA...
[2025-04-16 00:59:25.161]         >> Thought (RUSSIA): Reasoning: As Russia, I need to secure my southern centers (Sev, Rum, War) and decide whether to focus on the north (Scandinavia) or south (Turkey/Austria). For the north, I need to make sure that England does not make a hostile move towards Norway or St. Petersburg. For the south, I need to make sure that Germany does not make a hostile move towards Warsaw or the Baltic Sea. Another part of my strategy should be to make a decision on whether to ally with Austria against Turkey (Juggernaut) or to make a non-aggression pact with Turkey and focus on another power. Plan: Propose a Northern Alliance with England where Russia takes Sweden and England takes Norway. Propose a non-aggression pact with Germany where both powers avoid moving into the Baltic Sea. Propose a Juggernaut alliance with Austria where Russia and Austria divide Turkish territories (Russia takes Rumania and Austria takes Serbia).
[2025-04-16 00:59:25.161]         -> Message Staged: RUSSIA -> ENGLAND: Hello, I propose a Northern Alliance where I take ...
[2025-04-16 00:59:25.161]         -> Message Staged: RUSSIA -> GERMANY: Hello, I propose a non-aggression pact where we bo...
[2025-04-16 00:59:25.161]         -> Message Staged: RUSSIA -> AUSTRIA: Hello, I propose a Juggernaut alliance where we jo...
[2025-04-16 00:59:25.161]         -> Memory Updated (RUSSIA): S1901M_proposals = Proposed Northern Alliance with England (Russia ta...
[2025-04-16 00:59:25.161]         -> Finish tool (finish_negotiation_round) called by RUSSIA.
[2025-04-16 00:59:25.161]       - Framework: Activating TURKEY (LLMAgent)
[2025-04-16 01:00:01.821]       - Framework: Processing 5 actions for TURKEY...
[2025-04-16 01:00:01.821]         >> Thought (TURKEY): Reasoning: As Turkey, my main goal is to secure the Black Sea and aim for the Balkans (Bul, Gre, Ser, Rum). I need to negotiate with either Russia or Austria. A common strategy is to form an alliance with one of these two powers. I need to reach out to both Russia and Austria initially to gauge their intentions and propose a division of the Balkans and Black Sea. For Russia, I should propose a 'Juggernaut' alliance where we divide the Balkans such that Turkey aims for Greece and Bulgaria while Russia aims for Rumania and possibly Serbia. For Austria, I should propose a friendly opening where Turkey aims for Bulgaria and Rumania while Austria aims for Serbia and possibly Greece. Another important part of the negotiation should be about the Black Sea where I need to make sure that Russia does not move F SEV to BLA.
[2025-04-16 01:00:01.822]         -> Message Staged: TURKEY -> RUSSIA: Hello Russia, I propose a friendly opening where w...
[2025-04-16 01:00:01.822]         -> Message Staged: TURKEY -> AUSTRIA: Hello Austria, I propose a friendly opening where ...
[2025-04-16 01:00:01.822]         -> Memory Updated (TURKEY): S1901M_prop = Proposed Juggernaut alliance to Russia and Austro-...
[2025-04-16 01:00:01.822]         -> Finish tool (finish_negotiation_round) called by TURKEY.
[2025-04-16 01:00:01.822]    -- Framework: Starting NEGOTIATION_ROUND_2 --
[2025-04-16 01:00:01.822]       - Framework: Activating AUSTRIA (LLMAgent)
[2025-04-16 01:00:30.589]       - Framework: Processing 8 actions for AUSTRIA...
[2025-04-16 01:00:30.590]         >> Thought (AUSTRIA): Reasoning: Italy's non-aggression pact seems reasonable and helps secure our southern border. Russia's Juggernaut alliance could be beneficial for us to focus on Turkey together, but we need to make sure that Russia does not turn against us once Turkey is weakened. Turkey's proposal might be a short-term solution, but a long-term alliance with Turkey might be less stable. Plan: Agree to Italy's non-aggression pact, express interest in Russia's Juggernaut alliance while making sure that Russia does not make a move against us once Turkey is weakened, and acknowledge Turkey's proposal while being cautious about a long-term alliance.
[2025-04-16 01:00:30.591]         -> Message Staged: AUSTRIA -> ITALY: I agree to your non-aggression pact where I do not...
[2025-04-16 01:00:30.591]         -> Message Staged: AUSTRIA -> RUSSIA: I am interested in a Juggernaut alliance where we ...
[2025-04-16 01:00:30.591]         -> Message Staged: AUSTRIA -> TURKEY: I appreciate your proposal for a friendly opening ...
[2025-04-16 01:00:30.591]         -> Memory Updated (AUSTRIA): S1901M_prop_Italy = Agreed to non-aggression pact where Italy does not...
[2025-04-16 01:00:30.591]         -> Memory Updated (AUSTRIA): S1901M_prop_Russia = Expressed interest in a Juggernaut alliance where ...
[2025-04-16 01:00:30.591]         -> Memory Updated (AUSTRIA): S1901M_prop_Turkey = Acknowledged proposal for a friendly opening again...
[2025-04-16 01:00:30.591]         -> Finish tool (finish_negotiation_round) called by AUSTRIA.
[2025-04-16 01:00:30.592]       - Framework: Activating ENGLAND (LLMAgent)
[2025-04-16 01:01:15.381]       - Framework: Processing 6 actions for ENGLAND...
[2025-04-16 01:01:15.382]         >> Thought (ENGLAND): Reasoning: France's DMZ in the English Channel seems reasonable for a peaceful start. Germany's DMZ in the North Sea could be beneficial but might limit our expansion. Russia's Northern Alliance proposal where Russia takes Sweden and England takes Norway seems like a good way to expand into Scandinavia without conflict. Plan: Agree to France's DMZ in the English Channel. Propose a DMZ in the North Sea to Germany only if they agree not to move their fleet from Kiel into the North Sea. Agree to Russia's Northern Alliance proposal where Russia takes Sweden and England takes Norway.
[2025-04-16 01:01:15.382]         -> Message Staged: ENGLAND -> FRANCE: I agree to a DMZ in the English Channel for this y...
[2025-04-16 01:01:15.383]         -> Message Staged: ENGLAND -> GERMANY: I agree to a DMZ in the North Sea for this year if...
[2025-04-16 01:01:15.383]         -> Message Staged: ENGLAND -> RUSSIA: I agree to the Northern Alliance where you take Sw...
[2025-04-16 01:01:15.383]         -> Memory Updated (ENGLAND): S1901M_proposals = Agreed to DMZ in English Channel with France, prop...
[2025-04-16 01:01:15.383]         -> Finish tool (finish_negotiation_round) called by ENGLAND.
[2025-04-16 01:01:15.383]       - Framework: Activating FRANCE (LLMAgent)
[2025-04-16 01:01:58.062]       - Framework: Processing 6 actions for FRANCE...
[2025-04-16 01:01:58.062]         >> Thought (FRANCE): Reasoning: England proposes a DMZ in the English Channel (ENG) where my fleet in Brest should move to either MAO or LYO while their fleet in London moves to the North Sea. Germany proposes a DMZ in Burgundy (BUR) for this year. Italy proposes a non-aggression pact where neither of us moves into Piedmont (PIE). Plan: Agree to England's DMZ in ENG and suggest moving F BRE to MAO. Agree to Germany's DMZ in BUR. Agree to Italy's non-aggression pact for PIE. Update memory with the agreements made.
[2025-04-16 01:01:58.062]         -> Message Staged: FRANCE -> ENGLAND: I agree to a DMZ in the English Channel this year....
[2025-04-16 01:01:58.063]         -> Message Staged: FRANCE -> GERMANY: I agree to a DMZ in Burgundy for this year. This s...
[2025-04-16 01:01:58.063]         -> Message Staged: FRANCE -> ITALY: I agree to a non-aggression pact where I do not mo...
[2025-04-16 01:01:58.063]         -> Memory Updated (FRANCE): S1901M_proposals = Agreed to DMZ in ENG with England (F BRE to MAO, F...
[2025-04-16 01:01:58.063]         -> Finish tool (finish_negotiation_round) called by FRANCE.
[2025-04-16 01:01:58.063]       - Framework: Activating GERMANY (LLMAgent)
[2025-04-16 01:02:17.725]       - Framework: Processing 6 actions for GERMANY...
[2025-04-16 01:02:17.725]         >> Thought (GERMANY): Reasoning: England proposes a DMZ in NTH and suggests that Germany should focus on Denmark while England focuses on Norway. France proposes a DMZ in Burgundy (BUR) for this year. Russia proposes a non-aggression pact where both parties avoid moving into the Baltic Sea (BAL) this year. Plan: Agree to the DMZ in NTH with England, agree to the DMZ in BUR with France, and agree to the non-aggression pact in BAL with Russia. Update memory to reflect these agreements.
[2025-04-16 01:02:17.727]         -> Message Staged: GERMANY -> ENGLAND: I agree to a DMZ in the North Sea for this year. I...
[2025-04-16 01:02:17.727]         -> Message Staged: GERMANY -> FRANCE: I agree to a DMZ in Burgundy for this year. Any mo...
[2025-04-16 01:02:17.727]         -> Message Staged: GERMANY -> RUSSIA: I agree to a non-aggression pact where we both avo...
[2025-04-16 01:02:17.727]         -> Memory Updated (GERMANY): S1901M_proposals = Agreed to DMZ in NTH with England, DMZ in BUR with...
[2025-04-16 01:02:17.728]         -> Finish tool (finish_negotiation_round) called by GERMANY.
[2025-04-16 01:02:17.728]       - Framework: Activating ITALY (LLMAgent)
[2025-04-16 01:02:51.094]       - Framework: Processing 6 actions for ITALY...
[2025-04-16 01:02:51.094]         >> Thought (ITALY): Reasoning: Austria has proposed a non-aggression pact where Italy focuses on France while Austria focuses on the Balkans and Turkey. However, Italy needs to secure Tunis first. Thus, I need to make sure that any agreement with Austria does not prevent me from moving into the Ionian Sea and Tunis. I should also reach out to Turkey to propose a non-aggression pact where Italy agrees not to move into the Aegean Sea if Turkey agrees not to move into the Ionian Sea until I secure Tunis. Additionally, I should make a similar non-aggression pact with France where Italy agrees not to move into Piedmont if France agrees not to move into Piedmont or Marseilles. Plan: Acknowledge Austria's proposal positively while making sure that any non-aggression pact allows Italy to secure Tunis. Propose a non-aggression pact with Turkey focusing on the Ionian and Aegean Seas. Propose a non-aggression pact with France focusing on Piedmont.
[2025-04-16 01:02:51.094]         -> Message Staged: ITALY -> AUSTRIA: Thank you for your proposal. I agree that a non-ag...
[2025-04-16 01:02:51.095]         -> Message Staged: ITALY -> TURKEY: Hello Turkey, I propose a non-aggression pact wher...
[2025-04-16 01:02:51.095]         -> Message Staged: ITALY -> FRANCE: Hello France, I propose a non-aggression pact wher...
[2025-04-16 01:02:51.095]         -> Memory Updated (ITALY): S1901M_prop = Proposed non-aggression pacts: Austria (Italy not ...
[2025-04-16 01:02:51.095]         -> Finish tool (finish_negotiation_round) called by ITALY.
[2025-04-16 01:02:51.095]       - Framework: Activating RUSSIA (LLMAgent)
