Framework Log Initialized.
[2025-04-14 22:32:47.566] 
=== Framework: Starting Game Run ===
[2025-04-14 22:32:47.567] 
--- Framework: Starting Phase S1901M --- (1) ---
[2025-04-14 22:32:47.567]   -- Framework: Starting NEGOTIATION_ROUND_1 --
[2025-04-14 22:32:47.567]     - Framework: Activating AUSTRIA (LLMAgent)
[2025-04-14 22:33:21.919]     - Framework: Processing 5 actions for AUSTRIA...
[2025-04-14 22:33:21.922]     >> Thought (AUSTRIA): Reasoning: As Austria, my main goal is to secure my core territories (Vie, Bud, Tri) and try to ally with either Italy or Russia against Turkey. Given that Turkey is a significant threat, I should first try to form an alliance with Russia. Another potential ally could be Italy, although Italy might also be a rival for control over the Adriatic Sea and the Balkans. I need to propose a joint action against Turkey to Russia and a non-aggression pact or a joint action against Turkey to Italy. Plan: Propose a joint action against Turkey to Russia where I move A BUD to SER, A VIE to GAL, and F TRI to ALB while Russia moves F SEV to BLA and A MOS to UKR. Propose a non-aggression pact to Italy where I suggest that Italy moves A VEN to PIE or TYR while I make a move towards the Balkans.
[2025-04-14 22:33:21.923]     -> Message Staged: AUSTRIA -> RUSSIA: Hello, I propose a joint action against Turkey. I ...
[2025-04-14 22:33:21.923]     -> Message Staged: AUSTRIA -> ITALY: Hello, I propose a non-aggression pact where I mak...
[2025-04-14 22:33:21.923]     -> Memory Updated (AUSTRIA): S1901M_prop = Proposed joint action against Turkey to Russia and...
[2025-04-14 22:33:21.923]     -> Finish tool (finish_negotiation_round) called by AUSTRIA.
[2025-04-14 22:33:21.923]     - Framework: Activating ENGLAND (LLMAgent)
[2025-04-14 22:34:00.805]     - Framework: Processing 6 actions for ENGLAND...
[2025-04-14 22:34:00.806]     >> Thought (ENGLAND): Reasoning: As England, my main goals are to secure the seas around me and aim for Scandinavia while watching out for France and Germany. I need to make a friendly opening with France to avoid early conflict in the English Channel (ENG) and possibly make a similar agreement with Germany regarding the North Sea (NTH). Additionally, I need to discuss intentions in Scandinavia with Russia. Plan: Propose a DMZ in the English Channel to France, propose a bounce in the North Sea to Germany, and discuss intentions in Scandinavia with Russia.
[2025-04-14 22:34:00.806]     -> Message Staged: ENGLAND -> FRANCE: Hello, France. To avoid early conflict, how about ...
[2025-04-14 22:34:00.806]     -> Message Staged: ENGLAND -> GERMANY: Hello, Germany. To ensure a peaceful start, would ...
[2025-04-14 22:34:00.806]     -> Message Staged: ENGLAND -> RUSSIA: Hello, Russia. I am interested in securing Norway ...
[2025-04-14 22:34:00.806]     -> Memory Updated (ENGLAND): S1901M_prop = Proposed DMZ in ENG to France, bounce in NTH to Ge...
[2025-04-14 22:34:00.806]     -> Finish tool (finish_negotiation_round) called by ENGLAND.
[2025-04-14 22:34:00.806]     - Framework: Activating FRANCE (LLMAgent)
[2025-04-14 22:34:19.335]     - Framework: Processing 6 actions for FRANCE...
[2025-04-14 22:34:19.336]     >> Thought (FRANCE): Reasoning: Need to check England's intentions in the English Channel (ENG) and propose a DMZ there to show a friendly opening. For Germany, propose a DMZ in Burgundy (BUR) to avoid early conflict. For Italy, propose a non-aggression pact where France focuses on Iberia (Spain and Portugal) while Italy focuses on Austria or Turkey. Memory: Record the proposals made. Final Plan: Propose DMZ in ENG to England, DMZ in BUR to Germany, and a non-aggression pact focusing on Iberia to Italy.
[2025-04-14 22:34:19.336]     -> Message Staged: FRANCE -> ENGLAND: Hello, England. To ensure a peaceful start, how ab...
[2025-04-14 22:34:19.336]     -> Message Staged: FRANCE -> GERMANY: Hello, Germany. To ensure a friendly opening, how ...
[2025-04-14 22:34:19.336]     -> Message Staged: FRANCE -> ITALY: Hello, Italy. I propose a non-aggression pact wher...
[2025-04-14 22:34:19.336]     -> Memory Updated (FRANCE): S1901M_proposals = Proposed DMZ in ENG to England, DMZ in BUR to Germ...
[2025-04-14 22:34:19.336]     -> Finish tool (finish_negotiation_round) called by FRANCE.
[2025-04-14 22:34:19.336]     - Framework: Activating GERMANY (LLMAgent)
[2025-04-14 22:34:49.886]     - Framework: Processing 8 actions for GERMANY...
[2025-04-14 22:34:49.887]     >> Thought (GERMANY): Reasoning: As Germany, my main goals are to secure Scandinavia (Denmark and Sweden) and Benelux (Belgium and Holland), while being wary of encirclement by England, France, and Russia. I need to make strategic proposals to avoid early conflicts. For England, a DMZ in the North Sea could prevent early naval conflicts. For France, a DMZ in Burgundy could prevent early land conflicts. For Russia, a DMZ in Silesia could prevent early land conflicts. Additionally, I need to make sure that England and France do not move into Belgium or Holland. I should also make friendly overtures to Austria and Italy for potential alliances against France or Russia. Plan: Propose a DMZ in the North Sea to England, a DMZ in Burgundy to France, a DMZ in Silesia to Russia, and make friendly overtures to Austria and Italy.
[2025-04-14 22:34:49.887]     -> Message Staged: GERMANY -> ENGLAND: Hello, England. To avoid early conflict, I propose...
[2025-04-14 22:34:49.887]     -> Message Staged: GERMANY -> FRANCE: Hello, France. To avoid early conflict, I propose ...
[2025-04-14 22:34:49.888]     -> Message Staged: GERMANY -> RUSSIA: Hello, Russia. To avoid early conflict, I propose ...
[2025-04-14 22:34:49.888]     -> Message Staged: GERMANY -> AUSTRIA: Hello, Austria. I would like to make a friendly op...
[2025-04-14 22:34:49.888]     -> Message Staged: GERMANY -> ITALY: Hello, Italy. I would like to make a friendly open...
[2025-04-14 22:34:49.888]     -> Memory Updated (GERMANY): S1901M_proposals = Proposed DMZ in North Sea to England, DMZ in Burgu...
[2025-04-14 22:34:49.888]     -> Finish tool (finish_negotiation_round) called by GERMANY.
[2025-04-14 22:34:49.888]     - Framework: Activating ITALY (LLMAgent)
[2025-04-14 22:35:23.394]     - Framework: Processing 6 actions for ITALY...
[2025-04-14 22:35:23.395]     >> Thought (ITALY): Reasoning: Need to check Austria's intentions for a potential Lepanto opening against Turkey. Propose a joint action where Italy moves F NAP to ION and A VEN to APU while Austria moves F TRI to ADR. Additionally, propose a non-aggression pact with France where Italy agrees not to move into TUS if France does not move into PIE or TUS. Memory: Record proposals made to Austria and France. Final Plan: Propose Lepanto opening to Austria and non-aggression pact with France.
[2025-04-14 22:35:23.395]     -> Message Staged: ITALY -> AUSTRIA: Hello Austria, I propose a Lepanto opening against...
[2025-04-14 22:35:23.395]     -> Message Staged: ITALY -> FRANCE: Hello France, I propose a non-aggression pact wher...
[2025-04-14 22:35:23.395]     -> Memory Updated (ITALY): S1901M_prop_AUSTRIA = Proposed Lepanto opening against Turkey....
[2025-04-14 22:35:23.396]     -> Memory Updated (ITALY): S1901M_prop_FRANCE = Proposed non-aggression pact for TUS and PIE....
[2025-04-14 22:35:23.396]     -> Finish tool (finish_negotiation_round) called by ITALY.
[2025-04-14 22:35:23.396]     - Framework: Activating RUSSIA (LLMAgent)
[2025-04-14 22:36:28.277]     - Framework: Processing 7 actions for RUSSIA...
[2025-04-14 22:36:28.278]     >> Thought (RUSSIA): Reasoning: Need to check England's intentions in Scandinavia. Propose a division where Russia takes Sweden and England takes Norway. Germany should be approached for a non-aggression pact or a DMZ in the Baltic Sea. Propose a joint attack on Turkey with Austria to secure the south. Propose a DMZ in the Black Sea with Turkey to avoid early conflict. Memory: Record proposals and responses for future rounds.
[2025-04-14 22:36:28.278]     -> Message Staged: RUSSIA -> ENGLAND: How about a division of Scandinavia where you take...
[2025-04-14 22:36:28.278]     -> Message Staged: RUSSIA -> GERMANY: Let us agree on a non-aggression pact and a DMZ in...
[2025-04-14 22:36:28.278]     -> Message Staged: RUSSIA -> AUSTRIA: Let us work together against Turkey. How about a j...
[2025-04-14 22:36:28.278]     -> Message Staged: RUSSIA -> TURKEY: Let us agree on a DMZ in the Black Sea for this ye...
[2025-04-14 22:36:28.278]     -> Memory Updated (RUSSIA): S1901M_proposals = Proposed division of Scandinavia with England (Rus...
[2025-04-14 22:36:28.278]     -> Finish tool (finish_negotiation_round) called by RUSSIA.
[2025-04-14 22:36:28.278]     - Framework: Activating TURKEY (LLMAgent)
[2025-04-14 22:37:00.586]     - Framework: Processing 6 actions for TURKEY...
[2025-04-14 22:37:00.586]     >> Thought (TURKEY): Reasoning: As Turkey, my main goal is to secure the Black Sea and aim for the Balkans (Bul, Gre, Ser, Rum). Given that Russia has a fleet in Sevastopol (F SEV), a Black Sea bounce could prevent an immediate conflict. Additionally, it makes sense to open a line of communication with Austria to discuss a potential division of the Balkans. Another potential ally could be Italy. Plan: Propose a Black Sea bounce to Russia, discuss a potential alliance or division of the Balkans with Austria, and explore any potential cooperation with Italy against Austria or Russia.
[2025-04-14 22:37:00.587]     -> Message Staged: TURKEY -> RUSSIA: Hello, Russia. To avoid an immediate conflict in t...
[2025-04-14 22:37:00.587]     -> Message Staged: TURKEY -> AUSTRIA: Hello, Austria. Given our shared interest in the B...
[2025-04-14 22:37:00.587]     -> Message Staged: TURKEY -> ITALY: Hello, Italy. I am interested in exploring any pot...
[2025-04-14 22:37:00.587]     -> Memory Updated (TURKEY): S1901M_prop = Proposed Black Sea bounce to Russia, discussed pot...
[2025-04-14 22:37:00.587]     -> Finish tool (finish_negotiation_round) called by TURKEY.
[2025-04-14 22:37:00.587]   -- Framework: Starting NEGOTIATION_ROUND_2 --
[2025-04-14 22:37:00.587]     - Framework: Activating AUSTRIA (LLMAgent)
[2025-04-14 22:37:38.781]     - Framework: Processing 7 actions for AUSTRIA...
[2025-04-14 22:37:38.782]     >> Thought (AUSTRIA): Based on the current game state and the messages received, it seems that both Italy and Russia are proposing a joint attack against Turkey. However, Italy's proposal specifically mentions a 'Lepanto opening,' which involves a coordinated attack on Turkey where Italy moves F NAP to ION and A VEN to APU while requesting that Austria moves F TRI to ADR. This is a well-known opening strategy where Italy and Austria work together against Turkey. On the other hand, Russia also proposes a joint attack on Turkey. However, Turkey has proposed a potential alliance and a division of the Balkans. Given that Austria is surrounded and vulnerable, it makes sense to consider an alliance against Turkey with Italy and Russia. However, a non-aggression pact with Turkey might also be a strategic option to avoid early conflict and secure our core territories. However, a joint attack on Turkey could be a good way to expand and secure our position. Thus, a balanced approach might be to accept Italy's Lepanto opening proposal while also keeping a line of communication open with Turkey to keep them off guard. Additionally, it makes sense to confirm Russia's proposal and make sure that any attack on Turkey is well-coordinated. Another important part of the plan should be to make sure that Italy does not turn against us once Turkey is weakened. Thus, a clear division of the Balkans should be discussed with Italy and Russia. For this round, I need to respond to Germany's friendly opening and propose a non-aggression pact or a DMZ in the Galicia region if necessary. However, the main focus should be on the potential alliance against Turkey.
[2025-04-14 22:37:38.783]     -> Message Staged: AUSTRIA -> ITALY: I agree with your Lepanto opening plan. I will mov...
[2025-04-14 22:37:38.783]     -> Message Staged: AUSTRIA -> RUSSIA: I am open to a joint attack on Turkey. Italy has p...
[2025-04-14 22:37:38.783]     -> Message Staged: AUSTRIA -> TURKEY: Thank you for your proposal. I am open to discussi...
[2025-04-14 22:37:38.783]     -> Message Staged: AUSTRIA -> GERMANY: Hello Germany, I appreciate your friendly opening....
[2025-04-14 22:37:38.784]     -> Memory Updated (AUSTRIA): S1901M_prop = Proposed Lepanto opening to Italy, joint attack on...
[2025-04-14 22:37:38.784]     -> Finish tool (finish_negotiation_round) called by AUSTRIA.
[2025-04-14 22:37:38.784]     - Framework: Activating ENGLAND (LLMAgent)
[2025-04-14 22:38:15.134]     - Framework: Processing 6 actions for ENGLAND...
[2025-04-14 22:38:15.141]     >> Thought (ENGLAND): Reasoning: France proposes a DMZ in the English Channel which seems like a good way to avoid early conflict. Germany proposes a DMZ in the North Sea and requests that England should not move into Belgium or Holland. Russia proposes a division of Scandinavia where England takes Norway and Russia takes Sweden. Plan: Agree to France's DMZ in the English Channel for this round only. Agree to Germany's DMZ in the North Sea for this round only while making it clear that future moves into Belgium or Holland are part of a strategic plan. Agree to Russia's proposal for a division of Scandinavia where England takes Norway and Russia takes Sweden. Update memory with the new round's proposals and agreements.
[2025-04-14 22:38:15.141]     -> Message Staged: ENGLAND -> FRANCE: I agree to a DMZ in the English Channel for this r...
[2025-04-14 22:38:15.141]     -> Message Staged: ENGLAND -> GERMANY: I agree to a DMZ in the North Sea for this round o...
[2025-04-14 22:38:15.141]     -> Message Staged: ENGLAND -> RUSSIA: I agree to a division of Scandinavia where I take ...
[2025-04-14 22:38:15.142]     -> Memory Updated (ENGLAND): S1901M_prop = Agreed to DMZ in ENG with France for this round, a...
[2025-04-14 22:38:15.142]     -> Finish tool (finish_negotiation_round) called by ENGLAND.
[2025-04-14 22:38:15.142]     - Framework: Activating FRANCE (LLMAgent)
[2025-04-14 22:38:48.749]     - Framework: Processing 6 actions for FRANCE...
[2025-04-14 22:38:48.749]     >> Thought (FRANCE): Reasoning: Agreeing to a DMZ in the English Channel with England makes sense to avoid early conflict. Similarly, a DMZ in Burgundy with Germany can help us focus on Iberia. A non-aggression pact with Italy for TUS and PIE is also beneficial. Plan: Agree to England's DMZ in the English Channel, Germany's DMZ in Burgundy, and Italy's non-aggression pact for TUS and PIE. Update memory accordingly.
[2025-04-14 22:38:48.749]     -> Message Staged: FRANCE -> ENGLAND: I agree to a DMZ in the English Channel for this r...
[2025-04-14 22:38:48.750]     -> Message Staged: FRANCE -> GERMANY: I agree to a DMZ in Burgundy for this round. I als...
[2025-04-14 22:38:48.750]     -> Message Staged: FRANCE -> ITALY: I agree to a non-aggression pact where I will not ...
[2025-04-14 22:38:48.750]     -> Memory Updated (FRANCE): S1901M_proposals = Agreed to DMZ in ENG with England, DMZ in BUR with...
[2025-04-14 22:38:48.750]     -> Finish tool (finish_negotiation_round) called by FRANCE.
[2025-04-14 22:38:48.750]     - Framework: Activating GERMANY (LLMAgent)
[2025-04-14 22:39:30.563]     - Framework: Processing 6 actions for GERMANY...
[2025-04-14 22:39:30.564]     >> Thought (GERMANY): Reasoning: England proposes a bounce in the North Sea which seems like a good idea to prevent early conflict. France proposes a DMZ in Burgundy which also seems beneficial. Russia proposes a non-aggression pact and a DMZ in the Baltic Sea which could secure our eastern flank. Plan: Agree to England's bounce in the North Sea while suggesting that England should not move into Denmark or Holland. Agree to France's DMZ in Burgundy while suggesting that France should not move into Belgium or Holland. Agree to Russia's non-aggression pact and DMZ in the Baltic Sea while suggesting that Russia should not move into Warsaw or Prussia. Update memory.
[2025-04-14 22:39:30.565]     -> Message Staged: GERMANY -> ENGLAND: Hello, England. I agree to a bounce in the North S...
[2025-04-14 22:39:30.565]     -> Message Staged: GERMANY -> FRANCE: Hello, France. I agree to a DMZ in Burgundy this y...
[2025-04-14 22:39:30.566]     -> Message Staged: GERMANY -> RUSSIA: Hello, Russia. I agree to a non-aggression pact an...
[2025-04-14 22:39:30.566]     -> Memory Updated (GERMANY): S1901M_proposals = Proposed DMZ in North Sea to England (agreed to bo...
[2025-04-14 22:39:30.566]     -> Finish tool (finish_negotiation_round) called by GERMANY.
[2025-04-14 22:39:30.566]     - Framework: Activating ITALY (LLMAgent)
[2025-04-14 22:40:20.825]     - Framework: Processing 10 actions for ITALY...
[2025-04-14 22:40:20.827]     >> Thought (ITALY): Reasoning: Austria proposes a non-aggression pact where they focus on the Balkans while Italy focuses on the west. France proposes a non-aggression pact where they focus on Iberia while Italy focuses on Austria or Turkey. Germany suggests a friendly opening and an alliance against France. Turkey suggests cooperation against Austria or Russia. Plan: Agree to Austria's non-aggression pact and suggest a Lepanto opening against Turkey. Agree to France's non-aggression pact while making sure France does not make aggressive moves towards TUS or PIE. Keep Germany as a potential ally against France if necessary. Respond to Turkey cautiously, possibly suggesting a need to focus on other threats first.
[2025-04-14 22:40:20.829]     -> Message Staged: ITALY -> AUSTRIA: I agree to a non-aggression pact where you focus o...
[2025-04-14 22:40:20.829]     -> Message Staged: ITALY -> FRANCE: I agree to a non-aggression pact where you focus o...
[2025-04-14 22:40:20.829]     -> Message Staged: ITALY -> GERMANY: I appreciate your friendly opening. An alliance ag...
[2025-04-14 22:40:20.829]     -> Message Staged: ITALY -> TURKEY: Thank you for reaching out. While I am open to exp...
[2025-04-14 22:40:20.829]     -> Memory Updated (ITALY): S1901M_prop_AUSTRIA = Agreed to non-aggression pact and proposed Lepanto...
[2025-04-14 22:40:20.830]     -> Memory Updated (ITALY): S1901M_prop_FRANCE = Agreed to non-aggression pact where France focuses...
[2025-04-14 22:40:20.830]     -> Memory Updated (ITALY): S1901M_prop_GERMANY = Friendly opening and open to future alliance again...
[2025-04-14 22:40:20.830]     -> Memory Updated (ITALY): S1901M_prop_TURKEY = Cautious response, open to future discussions....
[2025-04-14 22:40:20.830]     -> Finish tool (finish_negotiation_round) called by ITALY.
[2025-04-14 22:40:20.830]     - Framework: Activating RUSSIA (LLMAgent)
[2025-04-14 22:40:59.938]     - Framework: Processing 7 actions for RUSSIA...
[2025-04-14 22:40:59.938]     >> Thought (RUSSIA): Reasoning: Austria proposes a joint action against Turkey which could help secure southern centers such as Sevastopol and potentially gain control over Rumania and Bulgaria. England proposes a division of Scandinavia where England takes Norway while Russia takes Sweden and focuses on the Baltic Sea. Germany proposes a DMZ in Silesia and a request that Russia does not move into Berlin or Prussia. Turkey proposes a 'Black Sea bounce' to avoid early conflict. Plan: Respond positively to Austria's joint action against Turkey while making sure Austria commits fully. Agree to England's division of Scandinavia while ensuring England does not move on St. Petersburg. Agree to Germany's DMZ in Silesia and confirm that Russia will not move into Berlin or Prussia. Agree to Turkey's 'Black Sea bounce' for this round while making it clear that future cooperation should be discussed further.
[2025-04-14 22:40:59.939]     -> Message Staged: RUSSIA -> AUSTRIA: I agree to your joint action against Turkey. I wil...
[2025-04-14 22:40:59.939]     -> Message Staged: RUSSIA -> ENGLAND: I agree to your proposal where you secure Norway w...
[2025-04-14 22:40:59.939]     -> Message Staged: RUSSIA -> GERMANY: I agree to a DMZ in Silesia and confirm that I wil...
[2025-04-14 22:40:59.939]     -> Message Staged: RUSSIA -> TURKEY: I agree to a 'Black Sea bounce' where I move F SEV...
[2025-04-14 22:40:59.939]     -> Memory Updated (RUSSIA): S1901M_proposals = Proposed division of Scandinavia with England (Rus...
[2025-04-14 22:40:59.939]     -> Finish tool (finish_negotiation_round) called by RUSSIA.
[2025-04-14 22:40:59.940]     - Framework: Activating TURKEY (LLMAgent)
[2025-04-14 22:41:25.966]     - Framework: Processing 5 actions for TURKEY...
[2025-04-14 22:41:25.966]     >> Thought (TURKEY): Reasoning: Russia has proposed a DMZ in the Black Sea for this year to avoid early conflict. Agreeing to a DMZ might be a good way to avoid an early conflict with Russia and allow us to focus on the Balkans where we need to make sure that Austria does not make a significant advance. Plan: Agree to Russia's DMZ proposal for the Black Sea for this year. Propose a plan for future turns where Turkey might need to make a move into the Black Sea. Contact Austria to discuss potential cooperation or to make sure that Austria does not make a move that could threaten Turkey's interests in the Balkans. Update memory to reflect the agreement with Russia and any other important communications.
[2025-04-14 22:41:25.966]     -> Message Staged: TURKEY -> RUSSIA: I agree to a DMZ in the Black Sea for this year to...
[2025-04-14 22:41:25.966]     -> Message Staged: TURKEY -> AUSTRIA: Hello, I am open to discussing a potential coopera...
[2025-04-14 22:41:25.967]     -> Memory Updated (TURKEY): S1901M_prop = Agreed to a DMZ in the Black Sea with Russia for t...
[2025-04-14 22:41:25.967]     -> Finish tool (finish_negotiation_round) called by TURKEY.
[2025-04-14 22:41:25.967]   -- Framework: Starting ORDER_SUBMISSION --
[2025-04-14 22:41:25.967]     - Framework: Activating AUSTRIA for orders (LLMAgent)
[2025-04-14 22:44:35.931]     - Framework: Processing 5 actions for AUSTRIA...
[2025-04-14 22:44:35.932]     >> Thought (AUSTRIA): Reasoning: My units are A BUD, A VIE, and F TRI. Based on the Lepanto opening proposed by Italy and the joint action plan proposed by Russia, the plan is to attack Turkey. Therefore, the orders should be: A BUD to SER to put pressure on Serbia and potentially on Rumania if Russia moves into Rumania. A VIE to GAL to support a potential Russian move into Rumania or make a direct threat against Galicia. F TRI to ALB to support a naval attack against Turkey. Final Plan: A BUD - SER, A VIE - GAL, F TRI - ALB.
[2025-04-14 22:44:35.932]     -> Order Queued: AUSTRIA: A BUD - SER
[2025-04-14 22:44:35.932]     -> Order Queued: AUSTRIA: A VIE - GAL
[2025-04-14 22:44:35.932]     -> Order Queued: AUSTRIA: F TRI - ALB
[2025-04-14 22:44:35.932]     -> Finish tool (finish_orders) called by AUSTRIA.
[2025-04-14 22:44:35.932]     - Framework: Activating ENGLAND for orders (LLMAgent)
[2025-04-14 22:45:25.378]     - Framework: Processing 5 actions for ENGLAND...
[2025-04-14 22:45:25.379]     >> Thought (ENGLAND): Reasoning: My units are F EDI, F LON, A LVP. Based on the agreements, France has agreed to a DMZ in the English Channel (ENG), so F LON should not move into ENG. Germany has agreed to a bounce in the North Sea (NTH) if they plan to move their fleet there, so F LON should move to NTH to make a bounce if Germany moves its fleet from Kiel (KIE) to NTH. Russia has agreed that England should secure Norway (NWG), so F EDI should move to the Norwegian Sea (NWG) to make a move towards Norway (NWY) in the next round. A LVP should move to Yorkshire (YOR) for a strategic central position where it can be used for future moves such as into Edinburgh (EDI) or to support a move into Belgium (BEL) if an agreement with France is reached later. Final Plan: F EDI -> NWG, F LON -> NTH, A LVP -> YOR.
[2025-04-14 22:45:25.379]     -> Order Queued: ENGLAND: F EDI - NWG
[2025-04-14 22:45:25.379]     -> Order Queued: ENGLAND: F LON - NTH
[2025-04-14 22:45:25.379]     -> Order Queued: ENGLAND: A LVP - YOR
[2025-04-14 22:45:25.379]     -> Finish tool (finish_orders) called by ENGLAND.
[2025-04-14 22:45:25.379]     - Framework: Activating FRANCE for orders (LLMAgent)
[2025-04-14 22:46:26.574]     - Framework: Processing 5 actions for FRANCE...
[2025-04-14 22:46:26.575]     >> Thought (FRANCE): Reasoning: My units are F BRE, A MAR, and A PAR. Based on the agreements, I need to avoid the English Channel (ENG) due to a DMZ agreement with England, avoid Burgundy (BUR) due to a DMZ agreement with Germany, and avoid Tuscany (TUS) and Piedmont (PIE) due to a non-aggression pact with Italy. Thus, a strategic plan could be to focus on Iberia. Final Plan: F BRE should move to MAO to prepare for an advance into Spain (SPA) or Portugal (POR). A MAR should move to GAS to support a potential move into Spain or Portugal. A PAR should move to PIC as a defensive move or to potentially support a future move into Belgium if the situation changes, while not directly moving into Belgium or Holland.
[2025-04-14 22:46:26.575]     -> Order Queued: FRANCE: F BRE - MAO
[2025-04-14 22:46:26.575]     -> Order Queued: FRANCE: A MAR - GAS
[2025-04-14 22:46:26.576]     -> Order Queued: FRANCE: A PAR - PIC
[2025-04-14 22:46:26.576]     -> Finish tool (finish_orders) called by FRANCE.
[2025-04-14 22:46:26.576]     - Framework: Activating GERMANY for orders (LLMAgent)
[2025-04-14 22:47:00.711]     - Framework: Processing 5 actions for GERMANY...
[2025-04-14 22:47:00.712]     >> Thought (GERMANY): Reasoning: My units are F KIE, A BER, and A MUN. For F KIE, moving to DEN seems like a strategic move to secure a new supply center and prepare for future moves into Sweden or the Baltic Sea. For A BER, moving to PRU seems like a good option to secure another supply center and make a move towards the east. For A MUN, moving to RUH makes a step towards the west and potentially secures Belgium or Holland in the future. Final Plan: F KIE -> DEN, A BER -> PRU, A MUN -> RUH.
[2025-04-14 22:47:00.712]     -> Order Queued: GERMANY: F KIE - DEN
[2025-04-14 22:47:00.712]     -> Order Queued: GERMANY: A BER - PRU
[2025-04-14 22:47:00.712]     -> Order Queued: GERMANY: A MUN - RUH
[2025-04-14 22:47:00.713]     -> Finish tool (finish_orders) called by GERMANY.
[2025-04-14 22:47:00.713]     - Framework: Activating ITALY for orders (LLMAgent)
[2025-04-14 22:47:33.470]     - Framework: Processing 5 actions for ITALY...
[2025-04-14 22:47:33.471]     >> Thought (ITALY): Reasoning: My units are F NAP, A ROM, A VEN. Based on the agreement with Austria for a Lepanto opening against Turkey, I plan to move F NAP to ION with support from Austria's F TRI moving to ADR. A VEN should move to APU as part of the same plan. A ROM should hold in a central position where it can support another unit or make a move if necessary. Final Plan: F NAP - ION, A ROM H, A VEN - APU.
[2025-04-14 22:47:33.471]     -> Order Queued: ITALY: F NAP - ION
[2025-04-14 22:47:33.471]     -> Order Queued: ITALY: A ROM H
[2025-04-14 22:47:33.472]     -> Order Queued: ITALY: A VEN - APU
[2025-04-14 22:47:33.472]     -> Finish tool (finish_orders) called by ITALY.
[2025-04-14 22:47:33.472]     - Framework: Activating RUSSIA for orders (LLMAgent)
[2025-04-14 22:50:15.565]     - Framework: Processing 6 actions for RUSSIA...
[2025-04-14 22:50:15.568]     >> Thought (RUSSIA): Reasoning: My units are A WAR, A MOS, F SEV, F STP/SC. Based on the messages, I need to make a joint attack on Turkey with Austria (A WAR to GAL and F SEV to BLA), make a division of Scandinavia with England (F STP/SC to BOT to aim for Sweden), and respect the non-aggression pact with Germany. Final Plan: A WAR - GAL, A MOS - UKR, F SEV - BLA, F STP/SC - BOT.
[2025-04-14 22:50:15.569]     -> Order Queued: RUSSIA: A WAR - GAL
[2025-04-14 22:50:15.569]     -> Order Queued: RUSSIA: A MOS - UKR
[2025-04-14 22:50:15.569]     -> Order Queued: RUSSIA: F SEV - BLA
[2025-04-14 22:50:15.569]     -> Order Queued: RUSSIA: F STP/SC - BOT
[2025-04-14 22:50:15.569]     -> Finish tool (finish_orders) called by RUSSIA.
[2025-04-14 22:50:15.570]     - Framework: Activating TURKEY for orders (LLMAgent)
[2025-04-14 22:50:54.074]     - Framework: Processing 5 actions for TURKEY...
[2025-04-14 22:50:54.075]     >> Thought (TURKEY): Reasoning: My units are F ANK, A CON, and A SMY. Based on the agreement with Russia for a 'Black Sea bounce,' I should move F ANK to BLA. For A CON, a common opening move is to try to take Bulgaria, so I should move A CON to BUL and support that move with A SMY. Final Plan: F ANK - BLA, A CON - BUL, A SMY S A CON - BUL.
[2025-04-14 22:50:54.075]     -> Order Queued: TURKEY: F ANK - BLA
[2025-04-14 22:50:54.075]     -> Order Queued: TURKEY: A CON - BUL
[2025-04-14 22:50:54.075]     -> Order Queued: TURKEY: A SMY S A CON - BUL
[2025-04-14 22:50:54.075]     -> Finish tool (finish_orders) called by TURKEY.
[2025-04-14 22:50:54.075]   -- Framework: Submitting orders for S1901M --
[2025-04-14 22:50:54.076]     AUSTRIA Orders: ['A BUD - SER', 'A VIE - GAL', 'F TRI - ALB']
[2025-04-14 22:50:54.076]     ENGLAND Orders: ['F EDI - NWG', 'F LON - NTH', 'A LVP - YOR']
[2025-04-14 22:50:54.076]     FRANCE Orders: ['F BRE - MAO', 'A MAR - GAS', 'A PAR - PIC']
[2025-04-14 22:50:54.076]     GERMANY Orders: ['F KIE - DEN', 'A BER - PRU', 'A MUN - RUH']
[2025-04-14 22:50:54.076]     ITALY Orders: ['F NAP - ION', 'A ROM H', 'A VEN - APU']
[2025-04-14 22:50:54.076]     RUSSIA Orders: ['A WAR - GAL', 'A MOS - UKR', 'F SEV - BLA', 'F STP/SC - BOT']
[2025-04-14 22:50:54.076]     TURKEY Orders: ['F ANK - BLA', 'A CON - BUL', 'A SMY S A CON - BUL']
[2025-04-14 22:51:04.029]   -- Framework: History Summary after S1901M --
\boxed{"After S1901M, no major center changes detected; all powers still hold their initial three supply centers."}
[2025-04-14 22:51:04.135] 
--- Framework: Starting Phase F1901M --- (2) ---
[2025-04-14 22:51:04.135]   -- Framework: Starting NEGOTIATION_ROUND_1 --
[2025-04-14 22:51:04.136]     - Framework: Activating AUSTRIA (LLMAgent)
[2025-04-14 22:51:35.988]     - Framework: Processing 6 actions for AUSTRIA...
[2025-04-14 22:51:35.988]     >> Thought (AUSTRIA): Reasoning: Need to follow up on the previously proposed plans. Follow up with Italy on the 'Lepanto' opening plan and make sure they are on board for a joint attack on Turkey. Follow up with Russia to make sure they are on board for a joint attack on Turkey and encourage them to move their fleet from Sevastopol to the Black Sea. Reaffirm the non-aggression pact with Germany. Plan: Send follow-up messages to Italy and Russia, reaffirm non-aggression pact with Germany, and update memory if necessary.
[2025-04-14 22:51:35.989]     -> Message Staged: AUSTRIA -> ITALY: Hello Italy, I hope you are well. I see that your ...
[2025-04-14 22:51:35.989]     -> Message Staged: AUSTRIA -> RUSSIA: Hello Russia, I hope you are well. I see that you ...
[2025-04-14 22:51:35.989]     -> Message Staged: AUSTRIA -> GERMANY: Hello Germany, I hope you are well. I would like t...
[2025-04-14 22:51:35.989]     -> Memory Updated (AUSTRIA): S1901M_prop = Followed up on Lepanto opening with Italy, joint a...
[2025-04-14 22:51:35.989]     -> Finish tool (finish_negotiation_round) called by AUSTRIA.
[2025-04-14 22:51:35.990]     - Framework: Activating ENGLAND (LLMAgent)
[2025-04-14 22:52:03.530]     - Framework: Processing 6 actions for ENGLAND...
[2025-04-14 22:52:03.531]     >> Thought (ENGLAND): Reasoning: Based on the previous round, it makes sense to reaffirm the DMZ agreements with France in the English Channel (ENG) and with Germany in the North Sea (NTH) to maintain peace on those fronts. Additionally, reaffirming the agreement with Russia where England takes Norway and Russia takes Sweden should be a priority. Plan: Send a message to France to reaffirm the DMZ in ENG, send a message to Germany to reaffirm the DMZ in NTH, and send a message to Russia to reaffirm the division of Scandinavia where England takes Norway and Russia takes Sweden. Update memory if any new agreements are made.
[2025-04-14 22:52:03.531]     -> Message Staged: ENGLAND -> FRANCE: Let us reaffirm our agreement for a DMZ in the Eng...
[2025-04-14 22:52:03.531]     -> Message Staged: ENGLAND -> GERMANY: Let us reaffirm our agreement for a DMZ in the Nor...
[2025-04-14 22:52:03.532]     -> Message Staged: ENGLAND -> RUSSIA: Let us reaffirm our agreement where England takes ...
[2025-04-14 22:52:03.532]     -> Memory Updated (ENGLAND): F1901M_prop = Reaffirmed DMZ in ENG with France, DMZ in NTH with...
[2025-04-14 22:52:03.532]     -> Finish tool (finish_negotiation_round) called by ENGLAND.
[2025-04-14 22:52:03.532]     - Framework: Activating FRANCE (LLMAgent)
[2025-04-14 22:52:28.532]     - Framework: Processing 6 actions for FRANCE...
[2025-04-14 22:52:28.533]     >> Thought (FRANCE): Reasoning: Need to confirm previously agreed DMZ in ENG with England and BUR with Germany. Additionally, need to make sure that both England and Germany do not make any moves into Belgium (BEL), which is a neutral territory that France might be interested in. Also, need to confirm the non-aggression pact for TUS and PIE with Italy. Final Plan: Send messages to England, Germany, and Italy to confirm previous agreements and make sure that Belgium remains a neutral territory for now.
[2025-04-14 22:52:28.533]     -> Message Staged: FRANCE -> ENGLAND: Hello, I hope our agreement for a DMZ in the Engli...
[2025-04-14 22:52:28.533]     -> Message Staged: FRANCE -> GERMANY: Hello, I hope our agreement for a DMZ in Burgundy ...
[2025-04-14 22:52:28.533]     -> Message Staged: FRANCE -> ITALY: Hello, I hope our non-aggression pact for Tuscany ...
[2025-04-14 22:52:28.533]     -> Memory Updated (FRANCE): S1901M_proposals = Agreed to DMZ in ENG with England, DMZ in BUR with...
[2025-04-14 22:52:28.533]     -> Finish tool (finish_negotiation_round) called by FRANCE.
[2025-04-14 22:52:28.533]     - Framework: Activating GERMANY (LLMAgent)
[2025-04-14 22:53:01.981]     - Framework: Processing 8 actions for GERMANY...
[2025-04-14 22:53:01.982]     >> Thought (GERMANY): Reasoning: As Germany, I need to secure Benelux (Belgium and Holland) and potentially expand into Scandinavia (Sweden and Norway). I need to make sure that England does not move into Holland or Belgium and that France does not move into Belgium or Holland. I need to make sure that Russia does not make any aggressive moves towards Prussia or Silesia. I need to reaffirm previous agreements made in the last round. Plan: 1) Reaffirm DMZ in North Sea with England and suggest that England should focus on Norway and Sweden while Germany aims for Holland and Belgium. 2) Reaffirm DMZ in Burgundy with France and suggest that France should focus on the Iberian Peninsula or Italy while Germany aims for Holland and Belgium. 3) Reaffirm DMZ in Baltic Sea with Russia and suggest that Russia should focus on the Balkans or Turkey while Germany aims for Holland and Belgium. 4) Send friendly messages to Austria and Italy to keep lines of communication open.
[2025-04-14 22:53:01.982]     -> Message Staged: GERMANY -> ENGLAND: Hello, I hope our previous agreement to bounce in ...
[2025-04-14 22:53:01.982]     -> Message Staged: GERMANY -> FRANCE: Hello, I hope our previous agreement for a DMZ in ...
[2025-04-14 22:53:01.982]     -> Message Staged: GERMANY -> RUSSIA: Hello, I hope our previous agreement for a DMZ in ...
[2025-04-14 22:53:01.982]     -> Message Staged: GERMANY -> AUSTRIA: Hello, I hope we can keep the lines of communicati...
[2025-04-14 22:53:01.983]     -> Message Staged: GERMANY -> ITALY: Hello, I hope we can keep the lines of communicati...
[2025-04-14 22:53:01.983]     -> Memory Updated (GERMANY): F1901M_proposals = Reaffirmed DMZ in North Sea with England, DMZ in B...
[2025-04-14 22:53:01.983]     -> Finish tool (finish_negotiation_round) called by GERMANY.
[2025-04-14 22:53:01.983]     - Framework: Activating ITALY (LLMAgent)
[2025-04-14 22:53:52.197]     - Framework: Processing 10 actions for ITALY...
[2025-04-14 22:53:52.198]     >> Thought (ITALY): Reasoning: The main strategic goal is to either focus on Tunis or execute the Lepanto opening against Turkey with Austrian help. Based on previous round negotiations, a non-aggression pact with France has been established where France focuses on Iberia while Italy focuses on Austria or Turkey. The Lepanto opening seems like a solid plan where F ION moves to AEG and A APU moves to NAP while Austria moves F ALB to GRE. Another option is to move F ION to TUN to secure an additional supply center. Plan: Reaffirm the Lepanto opening plan with Austria, reaffirm the non-aggression pact with France, keep a friendly stance with Germany, and keep a cautious line of communication with Turkey.
[2025-04-14 22:53:52.199]     -> Message Staged: ITALY -> AUSTRIA: Let us proceed with the Lepanto opening against Tu...
[2025-04-14 22:53:52.200]     -> Message Staged: ITALY -> FRANCE: I hope our non-aggression pact still stands where ...
[2025-04-14 22:53:52.200]     -> Message Staged: ITALY -> GERMANY: Friendly greetings! I hope our previous round's fr...
[2025-04-14 22:53:52.200]     -> Message Staged: ITALY -> TURKEY: Friendly greetings! I hope we can maintain a peace...
[2025-04-14 22:53:52.200]     -> Memory Updated (ITALY): F1901M_prop_AUSTRIA = Reaffirmed Lepanto opening plan where Italy moves ...
[2025-04-14 22:53:52.200]     -> Memory Updated (ITALY): F1901M_prop_FRANCE = Reaffirmed non-aggression pact where France focuse...
[2025-04-14 22:53:52.200]     -> Memory Updated (ITALY): F1901M_prop_GERMANY = Maintained friendly opening and open to future all...
[2025-04-14 22:53:52.200]     -> Memory Updated (ITALY): F1901M_prop_TURKEY = Maintained cautious but friendly line of communica...
[2025-04-14 22:53:52.200]     -> Finish tool (finish_negotiation_round) called by ITALY.
[2025-04-14 22:53:52.200]     - Framework: Activating RUSSIA (LLMAgent)
[2025-04-14 22:54:48.903]     - Framework: Processing 7 actions for RUSSIA...
[2025-04-14 22:54:48.905]     >> Thought (RUSSIA): Reasoning: Need to confirm previous round's proposals. To England, reaffirm the plan where Russia takes Sweden and England takes Norway. To Germany, reaffirm the non-aggression pact and DMZ in the Baltic Sea. To Austria, reaffirm the joint attack on Turkey where Austria moves A SER to Bulgaria supported by F ALB and Russia supports with A UKR. To Turkey, reaffirm the Black Sea bounce agreement where both fleets move into the Black Sea.
[2025-04-14 22:54:48.905]     -> Message Staged: RUSSIA -> ENGLAND: Let us reaffirm our plan where I move F BOT to Swe...
[2025-04-14 22:54:48.906]     -> Message Staged: RUSSIA -> GERMANY: Let us reaffirm our non-aggression pact and DMZ in...
[2025-04-14 22:54:48.906]     -> Message Staged: RUSSIA -> AUSTRIA: Let us reaffirm our joint attack on Turkey. I prop...
[2025-04-14 22:54:48.906]     -> Message Staged: RUSSIA -> TURKEY: Let us reaffirm our Black Sea bounce agreement whe...
[2025-04-14 22:54:48.906]     -> Memory Updated (RUSSIA): S1901M_proposals = Proposed division of Scandinavia with England (Rus...
[2025-04-14 22:54:48.906]     -> Finish tool (finish_negotiation_round) called by RUSSIA.
[2025-04-14 22:54:48.906]     - Framework: Activating TURKEY (LLMAgent)
[2025-04-14 22:55:29.854]     - Framework: Processing 6 actions for TURKEY...
[2025-04-14 22:55:29.854]     >> Thought (TURKEY): Reasoning: Need to reaffirm the DMZ in the Black Sea with Russia for the Fall 1901M phase. Additionally, continue discussions with Austria about cooperation in the Balkans where Turkey aims for Greece and Bulgaria while Austria focuses on Serbia and possibly Romania. Contact Italy to make sure there is no conflict in the Aegean Sea and propose a non-aggression pact where Turkey takes Greece and Bulgaria while Italy focuses on the western part of the Mediterranean. Final Plan: Reaffirm Black Sea DMZ with Russia, discuss Balkan cooperation with Austria, and propose a non-aggression pact with Italy.
[2025-04-14 22:55:29.855]     -> Message Staged: TURKEY -> RUSSIA: Hello, I would like to reaffirm our agreement for ...
[2025-04-14 22:55:29.855]     -> Message Staged: TURKEY -> AUSTRIA: Hello, I would like to continue our discussion abo...
[2025-04-14 22:55:29.855]     -> Message Staged: TURKEY -> ITALY: Hello, I would like to make sure there is no confl...
[2025-04-14 22:55:29.855]     -> Memory Updated (TURKEY): F1901M_prop = Reaffirmed Black Sea DMZ with Russia, proposed Bal...
[2025-04-14 22:55:29.855]     -> Finish tool (finish_negotiation_round) called by TURKEY.
[2025-04-14 22:55:29.855]   -- Framework: Starting NEGOTIATION_ROUND_2 --
[2025-04-14 22:55:29.855]     - Framework: Activating AUSTRIA (LLMAgent)
[2025-04-14 22:56:25.035]     - Framework: Processing 7 actions for AUSTRIA...
[2025-04-14 22:56:25.036]     >> Thought (AUSTRIA): Reasoning: Germany wants a non-aggression pact until a later stage in the game, which is beneficial for securing our northern border. Italy proposes a Lepanto opening where they move F ION to AEG and A APU to NAP while asking us to move F ALB to GRE. Russia proposes a joint attack on Turkey where we move A SER to BUL supported by F ALB and A UKR while Russia moves F SEV to BLA. Turkey proposes a division where they aim for Greece and Bulgaria while we focus on Serbia and possibly Romania. Plan: Reaffirm non-aggression pact with Germany, agree to Italy's Lepanto opening plan, agree to Russia's joint attack plan, and respond diplomatically to Turkey while making a firm plan with Italy and Russia.
[2025-04-14 22:56:25.036]     -> Message Staged: AUSTRIA -> GERMANY: I agree to a non-aggression pact until a later sta...
[2025-04-14 22:56:25.036]     -> Message Staged: AUSTRIA -> ITALY: I agree to the Lepanto opening plan. I will move F...
[2025-04-14 22:56:25.037]     -> Message Staged: AUSTRIA -> RUSSIA: I agree to the joint attack plan. I will move A SE...
[2025-04-14 22:56:25.037]     -> Message Staged: AUSTRIA -> TURKEY: Thank you for your proposal. I need to make a deci...
[2025-04-14 22:56:25.037]     -> Memory Updated (AUSTRIA): S1901M_prop = Agreed to non-aggression pact with Germany until a...
[2025-04-14 22:56:25.037]     -> Finish tool (finish_negotiation_round) called by AUSTRIA.
[2025-04-14 22:56:25.037]     - Framework: Activating ENGLAND (LLMAgent)
[2025-04-14 22:57:05.772]     - Framework: Processing 6 actions for ENGLAND...
[2025-04-14 22:57:05.773]     >> Thought (ENGLAND): Reasoning: Reaffirm the DMZ in the English Channel with France and agree to avoid moving into Belgium this year. Reaffirm the DMZ in the North Sea with Germany and support their aim for Holland and Belgium while making sure they understand that our focus is on Norway. Reaffirm the plan with Russia where Russia takes Sweden and England takes Norway with support from F NTH. Update memory to reflect the reaffirmed agreements.
[2025-04-14 22:57:05.774]     -> Message Staged: ENGLAND -> FRANCE: Hello, I agree that the DMZ in the English Channel...
[2025-04-14 22:57:05.774]     -> Message Staged: ENGLAND -> GERMANY: Hello, I agree that the DMZ in the North Sea shoul...
[2025-04-14 22:57:05.774]     -> Message Staged: ENGLAND -> RUSSIA: Hello, I reaffirm our plan where you move F BOT to...
[2025-04-14 22:57:05.774]     -> Memory Updated (ENGLAND): F1901M_prop = Reaffirmed DMZ in ENG with France, agreed to avoid...
[2025-04-14 22:57:05.774]     -> Finish tool (finish_negotiation_round) called by ENGLAND.
[2025-04-14 22:57:05.774]     - Framework: Activating FRANCE (LLMAgent)
[2025-04-14 22:57:34.339]     - Framework: Processing 6 actions for FRANCE...
[2025-04-14 22:57:34.340]     >> Thought (FRANCE): Reasoning: England reaffirms the DMZ in the English Channel (ENG), which is a good agreement for us. Germany reaffirms the DMZ in Burgundy (BUR) and suggests that France should focus on Iberia while Germany aims for Holland and Belgium. However, Belgium is also a part of our strategic interests. Italy reaffirms the non-aggression pact where France focuses on Iberia while Italy focuses on Austria or Turkey, and a DMZ in TUS and PIE. Plan: Acknowledge and reaffirm the DMZ in ENG with England, reaffirm the DMZ in BUR with Germany while making a case for our interest in Belgium, and reaffirm the non-aggression pact and DMZ in TUS and PIE with Italy.
[2025-04-14 22:57:34.340]     -> Message Staged: FRANCE -> ENGLAND: I agree that a DMZ in the English Channel (ENG) fo...
[2025-04-14 22:57:34.340]     -> Message Staged: FRANCE -> GERMANY: I agree that a DMZ in Burgundy (BUR) still makes s...
[2025-04-14 22:57:34.340]     -> Message Staged: FRANCE -> ITALY: I agree that our non-aggression pact still stands ...
[2025-04-14 22:57:34.340]     -> Memory Updated (FRANCE): S1901M_proposals = Agreed to DMZ in ENG with England, DMZ in BUR with...
[2025-04-14 22:57:34.340]     -> Finish tool (finish_negotiation_round) called by FRANCE.
[2025-04-14 22:57:34.340]     - Framework: Activating GERMANY (LLMAgent)
[2025-04-14 22:58:07.666]     - Framework: Processing 8 actions for GERMANY...
[2025-04-14 22:58:07.667]     >> Thought (GERMANY): Reasoning: Austria wants a non-aggression pact which makes sense as it allows us to focus on the west and north. England wants a DMZ in the North Sea (NTH) which seems beneficial for now. France wants a DMZ in Burgundy (BUR) and proposes a DMZ in Belgium (BEL) which might need a counter-proposal. Italy is open for future alliances which makes sense for a non-aggression pact. Russia wants a DMZ in the Baltic Sea (BAL) and for us to keep our fleet out of the Baltic Sea and Sweden which might need a counter-proposal. Plan: Reaffirm non-aggression pacts with Austria and Italy, reaffirm DMZ in NTH with England, reaffirm DMZ in BUR with France but make a counter-proposal for Belgium, reaffirm DMZ in BAL with Russia but keep options open for future moves into Sweden.
[2025-04-14 22:58:07.667]     -> Message Staged: GERMANY -> AUSTRIA: Hello Austria, I agree to reaffirm our non-aggress...
[2025-04-14 22:58:07.668]     -> Message Staged: GERMANY -> ENGLAND: Hello England, I agree to reaffirm our agreement f...
[2025-04-14 22:58:07.668]     -> Message Staged: GERMANY -> FRANCE: Hello France, I agree that our agreement for a DMZ...
[2025-04-14 22:58:07.668]     -> Message Staged: GERMANY -> ITALY: Friendly greetings Italy, I agree that our previou...
[2025-04-14 22:58:07.668]     -> Message Staged: GERMANY -> RUSSIA: Hello Russia, I agree to reaffirm our non-aggressi...
[2025-04-14 22:58:07.668]     -> Memory Updated (GERMANY): F1901M_proposals = Reaffirmed non-aggression pact with Austria and It...
[2025-04-14 22:58:07.668]     -> Finish tool (finish_negotiation_round) called by GERMANY.
[2025-04-14 22:58:07.668]     - Framework: Activating ITALY (LLMAgent)
[2025-04-14 22:58:58.733]     - Framework: Processing 10 actions for ITALY...
[2025-04-14 22:58:58.734]     >> Thought (ITALY): Reasoning: Austria reaffirms the Lepanto plan where I should convoy A APU to Albania. France wants to keep a non-aggression pact for Tuscany and Piedmont. Germany wants a non-aggression pact until a later stage. Turkey proposes a non-aggression pact where they focus on Greece and Bulgaria while I focus on the western Mediterranean. Plan: Confirm Lepanto plan with Austria, reaffirm non-aggression pact with France, agree to keep lines open with Germany, and keep Turkey uncertain about my intentions.
[2025-04-14 22:58:58.734]     -> Message Staged: ITALY -> AUSTRIA: Thank you for your message. I agree that the Lepan...
[2025-04-14 22:58:58.734]     -> Message Staged: ITALY -> FRANCE: Hello, I agree that our non-aggression pact for Tu...
[2025-04-14 22:58:58.734]     -> Message Staged: ITALY -> GERMANY: Hello, I agree that keeping lines of communication...
[2025-04-14 22:58:58.734]     -> Message Staged: ITALY -> TURKEY: Hello, your proposal for a non-aggression pact whe...
[2025-04-14 22:58:58.734]     -> Memory Updated (ITALY): F1901M_prop_AUSTRIA = Confirmed Lepanto plan where F ION moves to AEG an...
[2025-04-14 22:58:58.735]     -> Memory Updated (ITALY): F1901M_prop_FRANCE = Reaffirmed non-aggression pact for Tuscany and Pie...
[2025-04-14 22:58:58.735]     -> Memory Updated (ITALY): F1901M_prop_GERMANY = Agreed to keep lines of communication open and a n...
[2025-04-14 22:58:58.735]     -> Memory Updated (ITALY): F1901M_prop_TURKEY = Acknowledged non-aggression pact proposal but did ...
[2025-04-14 22:58:58.735]     -> Finish tool (finish_negotiation_round) called by ITALY.
[2025-04-14 22:58:58.735]     - Framework: Activating RUSSIA (LLMAgent)
[2025-04-14 23:00:03.915]     - Framework: Processing 7 actions for RUSSIA...
[2025-04-14 23:00:03.916]     >> Thought (RUSSIA): Reasoning: Based on the messages received, reaffirm the joint attack on Turkey with Austria (F SEV-BLA, A UKR-SER), reaffirm the agreement with England for Norway (F NWG-NWY) and Sweden (F BOT-SWE), reaffirm the DMZ in the Baltic Sea with Germany, and politely decline Turkey's DMZ in the Black Sea. Plan: Send messages to Austria, England, Germany, and Turkey accordingly.
[2025-04-14 23:00:03.916]     -> Message Staged: RUSSIA -> AUSTRIA: I agree with our joint attack plan on Turkey. I wi...
[2025-04-14 23:00:03.916]     -> Message Staged: RUSSIA -> ENGLAND: I reaffirm our agreement where you take Norway (F ...
[2025-04-14 23:00:03.917]     -> Message Staged: RUSSIA -> GERMANY: I reaffirm our non-aggression pact and DMZ in the ...
[2025-04-14 23:00:03.917]     -> Message Staged: RUSSIA -> TURKEY: While I appreciate your proposal for a DMZ in the ...
[2025-04-14 23:00:03.917]     -> Memory Updated (RUSSIA): F1901M_proposals = Confirmed joint attack on Turkey with Austria (F S...
[2025-04-14 23:00:03.917]     -> Finish tool (finish_negotiation_round) called by RUSSIA.
[2025-04-14 23:00:03.917]     - Framework: Activating TURKEY (LLMAgent)
[2025-04-14 23:00:22.696]     - Framework: Processing 6 actions for TURKEY...
[2025-04-14 23:00:22.697]     >> Thought (TURKEY): Reasoning: Italy has expressed a desire for a peaceful relationship and open lines of communication. I should acknowledge this and propose a non-aggression pact where Turkey focuses on the Balkans (Greece and Bulgaria) while Italy focuses on the western Mediterranean. Russia has reaffirmed the Black Sea bounce agreement which seems like a good way to avoid early conflict. I should agree to this while also discussing a potential long-term plan such as a division of the Balkans where Turkey gets Bulgaria and Greece while Russia focuses on Romania. Additionally, I need to follow up with Austria on the previous round's proposal where Turkey takes Greece and Bulgaria while Austria takes Serbia and possibly Romania.
[2025-04-14 23:00:22.697]     -> Message Staged: TURKEY -> ITALY: Thank you for your friendly greeting. I also hope ...
[2025-04-14 23:00:22.697]     -> Message Staged: TURKEY -> RUSSIA: I agree to reaffirm our Black Sea bounce agreement...
[2025-04-14 23:00:22.697]     -> Message Staged: TURKEY -> AUSTRIA: Following up on our previous discussion, I propose...
[2025-04-14 23:00:22.697]     -> Memory Updated (TURKEY): F1901M_prop = Reaffirmed Black Sea bounce with Russia, proposed ...
[2025-04-14 23:00:22.697]     -> Finish tool (finish_negotiation_round) called by TURKEY.
[2025-04-14 23:00:22.697]   -- Framework: Starting ORDER_SUBMISSION --
[2025-04-14 23:00:22.697]     - Framework: Activating AUSTRIA for orders (LLMAgent)
[2025-04-14 23:01:08.302]     - Framework: Processing 5 actions for AUSTRIA...
[2025-04-14 23:01:08.303]     >> Thought (AUSTRIA): Reasoning: My units are A VIE, A SER, and F ALB. Based on the Lepanto plan with Italy, F ALB should move to GRE to secure another supply center. For the joint attack plan with Russia, A SER should move to BUL supported by A VIE and Russia's fleet in the Black Sea (once F SEV moves to BLA). Thus, the plan should be: F ALB - GRE, A SER - BUL, A VIE S A SER - BUL.
[2025-04-14 23:01:08.303]     -> Order Queued: AUSTRIA: F ALB - GRE
[2025-04-14 23:01:08.303]     -> Order Queued: AUSTRIA: A SER - BUL
[2025-04-14 23:01:08.303]     -> Order Queued: AUSTRIA: A VIE S A SER - BUL
[2025-04-14 23:01:08.303]     -> Finish tool (finish_orders) called by AUSTRIA.
[2025-04-14 23:01:08.303]     - Framework: Activating ENGLAND for orders (LLMAgent)
[2025-04-14 23:01:48.693]     - Framework: Processing 5 actions for ENGLAND...
[2025-04-14 23:01:48.695]     >> Thought (ENGLAND): Reasoning: My units are F NWG, F NTH, and A YOR. Based on the agreement with Russia, F NWG should move to NWY. F NTH should support F NWG's move to NWY (F NTH S F NWG - NWY) to ensure that the move is successful. A YOR should hold in YOR (A YOR H) to protect the home centers and avoid any aggressive moves that might provoke France or Germany. Final Plan: F NWG - NWY, F NTH S F NWG - NWY, A YOR H.
[2025-04-14 23:01:48.695]     -> Order Queued: ENGLAND: F NWG - NWY
[2025-04-14 23:01:48.695]     -> Order Queued: ENGLAND: F NTH S F NWG - NWY
[2025-04-14 23:01:48.696]     -> Order Queued: ENGLAND: A YOR H
[2025-04-14 23:01:48.696]     -> Finish tool (finish_orders) called by ENGLAND.
[2025-04-14 23:01:48.696]     - Framework: Activating FRANCE for orders (LLMAgent)
[2025-04-14 23:03:48.937]     - Framework: Processing 5 actions for FRANCE...
[2025-04-14 23:03:48.938]     >> Thought (FRANCE): Reasoning: My units are F MAO, A GAS, A PIC. Based on the DMZ agreements, F MAO should not move to ENG, and A GAS should not move to BUR. The most strategic moves seem to be capturing Spain and Portugal while making a move on Belgium. Final Plan: F MAO should move to SPA to capture the Spanish supply center. A GAS should move to POR to capture the Portuguese supply center. A PIC should move to BEL to make a move on Belgium.
[2025-04-14 23:03:48.938]     -> Order Queued: FRANCE: F MAO - SPA
[2025-04-14 23:03:48.938]     -> Order Queued: FRANCE: A GAS - POR
[2025-04-14 23:03:48.938]     -> Order Queued: FRANCE: A PIC - BEL
[2025-04-14 23:03:48.939]     -> Finish tool (finish_orders) called by FRANCE.
[2025-04-14 23:03:48.939]     - Framework: Activating GERMANY for orders (LLMAgent)
